  List.cpp
  The contents of <execution> are available only with C++17 or later.
C:\Users\Chris\source\repos\Lab5Part1\Lab5Part1\List.cpp(23,23): warning C4244: 'argument': conversion from 'double' to 'const _Elem', possible loss of data
          with
          [
              _Elem=char
          ]
C:\Users\Chris\source\repos\Lab5Part1\Lab5Part1\List.cpp(90,23): warning C4244: 'argument': conversion from 'double' to 'const _Elem', possible loss of data
          with
          [
              _Elem=char
          ]
C:\Users\Chris\source\repos\Lab5Part1\Lab5Part1\List.cpp(96,31): warning C4244: 'argument': conversion from 'double' to 'const _Elem', possible loss of data
          with
          [
              _Elem=char
          ]
C:\Users\Chris\source\repos\Lab5Part1\Lab5Part1\List.cpp(120,27): warning C4267: 'initializing': conversion from 'size_t' to 'int', possible loss of data
C:\Users\Chris\source\repos\Lab5Part1\Lab5Part1\List.cpp(120,47): warning C4267: 'initializing': conversion from 'size_t' to 'int', possible loss of data
  Lab5Part1.vcxproj -> C:\Users\Chris\source\repos\Lab5Part1\x64\Debug\Lab5Part1.exe
